Determining if the pthread_create exist failed with the following output:
Change Dir: /home/davide/Scrivania/Hi_Project/build/CMakeFiles/CMakeTmp

Run Build Command:"/usr/bin/make" "cmTC_013de/fast"
/usr/bin/make -f CMakeFiles/cmTC_013de.dir/build.make CMakeFiles/cmTC_013de.dir/build
make[1]: ingresso nella directory "/home/davide/Scrivania/Hi_Project/build/CMakeFiles/CMakeTmp"
Building C object CMakeFiles/cmTC_013de.dir/CheckSymbolExists.c.o
/usr/bin/cc     -o CMakeFiles/cmTC_013de.dir/CheckSymbolExists.c.o   -c /home/davide/Scrivania/Hi_Project/build/CMakeFiles/CMakeTmp/CheckSymbolExists.c
Linking C executable cmTC_013de
/usr/bin/cmake -E cmake_link_script CMakeFiles/cmTC_013de.dir/link.txt --verbose=1
/usr/bin/cc       CMakeFiles/cmTC_013de.dir/CheckSymbolExists.c.o  -o cmTC_013de -rdynamic 
CMakeFiles/cmTC_013de.dir/CheckSymbolExists.c.o: nella funzione "main":
CheckSymbolExists.c:(.text+0x16): riferimento non definito a "pthread_create"
collect2: error: ld returned 1 exit status
CMakeFiles/cmTC_013de.dir/build.make:97: set di istruzioni per l'obiettivo "cmTC_013de" non riuscito
make[1]: *** [cmTC_013de] Errore 1
make[1]: uscita dalla directory "/home/davide/Scrivania/Hi_Project/build/CMakeFiles/CMakeTmp"
Makefile:126: set di istruzioni per l'obiettivo "cmTC_013de/fast" non riuscito
make: *** [cmTC_013de/fast] Errore 2

File /home/davide/Scrivania/Hi_Project/build/CMakeFiles/CMakeTmp/CheckSymbolExists.c:
/* */
#include <pthread.h>

int main(int argc, char** argv)
{
  (void)argv;
#ifndef pthread_create
  return ((int*)(&pthread_create))[argc];
#else
  (void)argc;
  return 0;
#endif
}

Determining if the function pthread_create exists in the pthreads failed with the following output:
Change Dir: /home/davide/Scrivania/Hi_Project/build/CMakeFiles/CMakeTmp

Run Build Command:"/usr/bin/make" "cmTC_a5405/fast"
/usr/bin/make -f CMakeFiles/cmTC_a5405.dir/build.make CMakeFiles/cmTC_a5405.dir/build
make[1]: ingresso nella directory "/home/davide/Scrivania/Hi_Project/build/CMakeFiles/CMakeTmp"
Building C object CMakeFiles/cmTC_a5405.dir/CheckFunctionExists.c.o
/usr/bin/cc    -DCHECK_FUNCTION_EXISTS=pthread_create   -o CMakeFiles/cmTC_a5405.dir/CheckFunctionExists.c.o   -c /usr/share/cmake-3.5/Modules/CheckFunctionExists.c
Linking C executable cmTC_a5405
/usr/bin/cmake -E cmake_link_script CMakeFiles/cmTC_a5405.dir/link.txt --verbose=1
/usr/bin/cc   -DCHECK_FUNCTION_EXISTS=pthread_create    CMakeFiles/cmTC_a5405.dir/CheckFunctionExists.c.o  -o cmTC_a5405 -rdynamic -lpthreads 
/usr/bin/ld: impossibile trovare -lpthreads
collect2: error: ld returned 1 exit status
CMakeFiles/cmTC_a5405.dir/build.make:97: set di istruzioni per l'obiettivo "cmTC_a5405" non riuscito
make[1]: *** [cmTC_a5405] Errore 1
make[1]: uscita dalla directory "/home/davide/Scrivania/Hi_Project/build/CMakeFiles/CMakeTmp"
Makefile:126: set di istruzioni per l'obiettivo "cmTC_a5405/fast" non riuscito
make: *** [cmTC_a5405/fast] Errore 2


